
  .   ____          _            __ _ _
 /\\ / ___'_ __ _ _(_)_ __  __ _ \ \ \ \
( ( )\___ | '_ | '_| | '_ \/ _` | \ \ \ \
 \\/  ___)| |_)| | | | | || (_| |  ) ) ) )
  '  |____| .__|_| |_|_| |_\__, | / / / /
 =========|_|==============|___/=/_/_/_/
 :: Spring Boot ::                (v3.2.1)

2025-12-27T11:21:08.278Z  INFO 25476 --- [ega-bank] [           main] com.ega.egabank.EgaBankApplication       : Starting EgaBankApplication using Java 21.0.9 with PID 25476 (C:\TP_JEE_GLSI_B_Bogue_Komla_Armel_2026\backend\ega-bank\target\ega-bank-0.0.1-SNAPSHOT.jar started by komla in C:\TP_JEE_GLSI_B_Bogue_Komla_Armel_2026\backend\ega-bank)
2025-12-27T11:21:08.282Z DEBUG 25476 --- [ega-bank] [           main] com.ega.egabank.EgaBankApplication       : Running with Spring Boot v3.2.1, Spring v6.1.2
2025-12-27T11:21:08.284Z  INFO 25476 --- [ega-bank] [           main] com.ega.egabank.EgaBankApplication       : No active profile set, falling back to 1 default profile: "default"
2025-12-27T11:21:10.315Z  INFO 25476 --- [ega-bank] [           main] .s.d.r.c.RepositoryConfigurationDelegate : Bootstrapping Spring Data JPA repositories in DEFAULT mode.
2025-12-27T11:21:10.423Z  INFO 25476 --- [ega-bank] [           main] .s.d.r.c.RepositoryConfigurationDelegate : Finished Spring Data repository scanning in 85 ms. Found 4 JPA repository interfaces.
2025-12-27T11:21:12.168Z  INFO 25476 --- [ega-bank] [           main] o.s.b.w.embedded.tomcat.TomcatWebServer  : Tomcat initialized with port 8080 (http)
2025-12-27T11:21:12.201Z  INFO 25476 --- [ega-bank] [           main] o.apache.catalina.core.StandardService   : Starting service [Tomcat]
2025-12-27T11:21:12.202Z  INFO 25476 --- [ega-bank] [           main] o.apache.catalina.core.StandardEngine    : Starting Servlet engine: [Apache Tomcat/10.1.17]
2025-12-27T11:21:12.290Z  INFO 25476 --- [ega-bank] [           main] o.a.c.c.C.[Tomcat].[localhost].[/]       : Initializing Spring embedded WebApplicationContext
2025-12-27T11:21:12.293Z  INFO 25476 --- [ega-bank] [           main] w.s.c.ServletWebServerApplicationContext : Root WebApplicationContext: initialization completed in 3871 ms
2025-12-27T11:21:12.663Z  INFO 25476 --- [ega-bank] [           main] o.hibernate.jpa.internal.util.LogHelper  : HHH000204: Processing PersistenceUnitInfo [name: default]
2025-12-27T11:21:12.845Z  INFO 25476 --- [ega-bank] [           main] org.hibernate.Version                    : HHH000412: Hibernate ORM core version 6.4.1.Final
2025-12-27T11:21:12.953Z  INFO 25476 --- [ega-bank] [           main] o.h.c.internal.RegionFactoryInitiator    : HHH000026: Second-level cache disabled
2025-12-27T11:21:13.651Z  INFO 25476 --- [ega-bank] [           main] o.s.o.j.p.SpringPersistenceUnitInfo      : No LoadTimeWeaver setup: ignoring JPA class transformer
2025-12-27T11:21:13.697Z  INFO 25476 --- [ega-bank] [           main] com.zaxxer.hikari.HikariDataSource       : HikariPool-1 - Starting...
2025-12-27T11:21:14.105Z  INFO 25476 --- [ega-bank] [           main] com.zaxxer.hikari.pool.HikariPool        : HikariPool-1 - Added connection org.postgresql.jdbc.PgConnection@3bab95ca
2025-12-27T11:21:14.110Z  INFO 25476 --- [ega-bank] [           main] com.zaxxer.hikari.HikariDataSource       : HikariPool-1 - Start completed.
2025-12-27T11:21:14.180Z  WARN 25476 --- [ega-bank] [           main] org.hibernate.orm.deprecation            : HHH90000025: PostgreSQLDialect does not need to be specified explicitly using 'hibernate.dialect' (remove the property setting and it will be selected by default)
2025-12-27T11:21:16.534Z  INFO 25476 --- [ega-bank] [           main] o.h.e.t.j.p.i.JtaPlatformInitiator       : HHH000489: No JTA platform available (set 'hibernate.transaction.jta.platform' to enable JTA platform integration)
2025-12-27T11:21:16.733Z  INFO 25476 --- [ega-bank] [           main] j.LocalContainerEntityManagerFactoryBean : Initialized JPA EntityManagerFactory for persistence unit 'default'
2025-12-27T11:21:17.643Z DEBUG 25476 --- [ega-bank] [           main] c.e.e.security.JwtAuthenticationFilter   : Filter 'jwtAuthenticationFilter' configured for use
2025-12-27T11:21:17.787Z  INFO 25476 --- [ega-bank] [           main] o.s.d.j.r.query.QueryEnhancerFactory     : Hibernate is in classpath; If applicable, HQL parser will be used.
2025-12-27T11:21:19.903Z  INFO 25476 --- [ega-bank] [           main] o.s.s.web.DefaultSecurityFilterChain     : Will secure any request with [org.springframework.security.web.session.DisableEncodeUrlFilter@2bbc6496, org.springframework.security.web.context.request.async.WebAsyncManagerIntegrationFilter@52cb399d, org.springframework.security.web.context.SecurityContextHolderFilter@28a210fb, org.springframework.security.web.header.HeaderWriterFilter@20c9b155, org.springframework.web.filter.CorsFilter@3db2388e, org.springframework.security.web.authentication.logout.LogoutFilter@3467d540, com.ega.egabank.security.JwtAuthenticationFilter@2480acc3, org.springframework.security.web.savedrequest.RequestCacheAwareFilter@7553ad52, org.springframework.security.web.servletapi.SecurityContextHolderAwareRequestFilter@301da01d, org.springframework.security.web.authentication.AnonymousAuthenticationFilter@493557d7, org.springframework.security.web.session.SessionManagementFilter@3746749, org.springframework.security.web.access.ExceptionTranslationFilter@337fd6a1, org.springframework.security.web.access.intercept.AuthorizationFilter@5bf963a]
2025-12-27T11:21:20.497Z  INFO 25476 --- [ega-bank] [           main] o.s.b.w.embedded.tomcat.TomcatWebServer  : Tomcat started on port 8080 (http) with context path ''
2025-12-27T11:21:20.512Z  INFO 25476 --- [ega-bank] [           main] com.ega.egabank.EgaBankApplication       : Started EgaBankApplication in 12.944 seconds (process running for 13.835)
